# JRE version: Java(TM) SE Runtime Environment (8.0_181-b13) (build 1.8.0_181-b13)
# Java VM: Java HotSpot(TM) 64-Bit Server VM (25.181-b13 mixed mode linux-amd64 compressed oops)
Heap:
 PSYoungGen      total 200192K, used 137066K [0x00000000f0000000, 0x0000000100000000, 0x0000000100000000)
  eden space 138752K, 87% used [0x00000000f0000000,0x00000000f7619380,0x00000000f8780000)
  from space 61440K, 26% used [0x00000000f8780000,0x00000000f97415d0,0x00000000fc380000)
  to   space 59904K, 0% used [0x00000000fc580000,0x00000000fc580000,0x0000000100000000)
 ParOldGen       total 524288K, used 182817K [0x00000000d0000000, 0x00000000f0000000, 0x00000000f0000000)
  object space 524288K, 34% used [0x00000000d0000000,0x00000000db288780,0x00000000f0000000)
 Metaspace       used 80603K, capacity 83940K, committed 84136K, reserved 1122304K
  class space    used 9739K, capacity 10648K, committed 10672K, reserved 1048576K
GC Heap History (10 events):
Event: 3079.317 GC heap before
{Heap before GC invocations=54 (full 3):
 PSYoungGen      total 197632K, used 154582K [0x00000000f0000000, 0x0000000100000000, 0x0000000100000000)
  eden space 132096K, 100% used [0x00000000f0000000,0x00000000f8100000,0x00000000f8100000)
  from space 65536K, 34% used [0x00000000fc000000,0x00000000fd5f5980,0x0000000100000000)
  to   space 64512K, 0% used [0x00000000f8100000,0x00000000f8100000,0x00000000fc000000)
 ParOldGen       total 524288K, used 175628K [0x00000000d0000000, 0x00000000f0000000, 0x00000000f0000000)
  object space 524288K, 33% used [0x00000000d0000000,0x00000000dab83258,0x00000000f0000000)
 Metaspace       used 79956K, capacity 83126K, committed 83368K, reserved 1122304K
  class space    used 9675K, capacity 10550K, committed 10672K, reserved 1048576K
Event: 3079.335 GC heap after
Heap after GC invocations=54 (full 3):
 PSYoungGen      total 196608K, used 21524K [0x00000000f0000000, 0x0000000100000000, 0x0000000100000000)
  eden space 132096K, 0% used [0x00000000f0000000,0x00000000f0000000,0x00000000f8100000)
  from space 64512K, 33% used [0x00000000f8100000,0x00000000f9605278,0x00000000fc000000)
  to   space 63488K, 0% used [0x00000000fc200000,0x00000000fc200000,0x0000000100000000)
 ParOldGen       total 524288K, used 176770K [0x00000000d0000000, 0x00000000f0000000, 0x00000000f0000000)
  object space 524288K, 33% used [0x00000000d0000000,0x00000000daca0af0,0x00000000f0000000)
 Metaspace       used 79956K, capacity 83126K, committed 83368K, reserved 1122304K
  class space    used 9675K, capacity 10550K, committed 10672K, reserved 1048576K
}
Event: 3080.164 GC heap before
{Heap before GC invocations=55 (full 3):
 PSYoungGen      total 196608K, used 153620K [0x00000000f0000000, 0x0000000100000000, 0x0000000100000000)
  eden space 132096K, 100% used [0x00000000f0000000,0x00000000f8100000,0x00000000f8100000)
  from space 64512K, 33% used [0x00000000f8100000,0x00000000f9605278,0x00000000fc000000)
  to   space 63488K, 0% used [0x00000000fc200000,0x00000000fc200000,0x0000000100000000)
 ParOldGen       total 524288K, used 176770K [0x00000000d0000000, 0x00000000f0000000, 0x00000000f0000000)
  object space 524288K, 33% used [0x00000000d0000000,0x00000000daca0af0,0x00000000f0000000)
 Metaspace       used 80132K, capacity 83266K, committed 83624K, reserved 1122304K
  class space    used 9681K, capacity 10552K, committed 10672K, reserved 1048576K
Event: 3080.184 GC heap after
Heap after GC invocations=55 (full 3):
 PSYoungGen      total 199168K, used 19767K [0x00000000f0000000, 0x0000000100000000, 0x0000000100000000)
  eden space 135680K, 0% used [0x00000000f0000000,0x00000000f0000000,0x00000000f8480000)
  from space 63488K, 31% used [0x00000000fc200000,0x00000000fd54de58,0x0000000100000000)
  to   space 62976K, 0% used [0x00000000f8480000,0x00000000f8480000,0x00000000fc200000)
 ParOldGen       total 524288K, used 178622K [0x00000000d0000000, 0x00000000f0000000, 0x00000000f0000000)
  object space 524288K, 34% used [0x00000000d0000000,0x00000000dae6fb60,0x00000000f0000000)
 Metaspace       used 80132K, capacity 83266K, committed 83624K, reserved 1122304K
  class space    used 9681K, capacity 10552K, committed 10672K, reserved 1048576K
}
Event: 3110.524 GC heap before
{Heap before GC invocations=56 (full 3):
 PSYoungGen      total 199168K, used 155447K [0x00000000f0000000, 0x0000000100000000, 0x0000000100000000)
  eden space 135680K, 100% used [0x00000000f0000000,0x00000000f8480000,0x00000000f8480000)
  from space 63488K, 31% used [0x00000000fc200000,0x00000000fd54de58,0x0000000100000000)
  to   space 62976K, 0% used [0x00000000f8480000,0x00000000f8480000,0x00000000fc200000)
 ParOldGen       total 524288K, used 178622K [0x00000000d0000000, 0x00000000f0000000, 0x00000000f0000000)
  object space 524288K, 34% used [0x00000000d0000000,0x00000000dae6fb60,0x00000000f0000000)
 Metaspace       used 80132K, capacity 83266K, committed 83624K, reserved 1122304K
  class space    used 9681K, capacity 10552K, committed 10672K, reserved 1048576K
Event: 3110.552 GC heap after
Heap after GC invocations=56 (full 3):
 PSYoungGen      total 198656K, used 18077K [0x00000000f0000000, 0x0000000100000000, 0x0000000100000000)
  eden space 135680K, 0% used [0x00000000f0000000,0x00000000f0000000,0x00000000f8480000)
  from space 62976K, 28% used [0x00000000f8480000,0x00000000f9627638,0x00000000fc200000)
  to   space 61952K, 0% used [0x00000000fc380000,0x00000000fc380000,0x0000000100000000)
 ParOldGen       total 524288K, used 180515K [0x00000000d0000000, 0x00000000f0000000, 0x00000000f0000000)
  object space 524288K, 34% used [0x00000000d0000000,0x00000000db048ca0,0x00000000f0000000)
 Metaspace       used 80132K, capacity 83266K, committed 83624K, reserved 1122304K
  class space    used 9681K, capacity 10552K, committed 10672K, reserved 1048576K
}
Event: 3110.730 GC heap before
{Heap before GC invocations=57 (full 3):
 PSYoungGen      total 198656K, used 153757K [0x00000000f0000000, 0x0000000100000000, 0x0000000100000000)
  eden space 135680K, 100% used [0x00000000f0000000,0x00000000f8480000,0x00000000f8480000)
  from space 62976K, 28% used [0x00000000f8480000,0x00000000f9627638,0x00000000fc200000)
  to   space 61952K, 0% used [0x00000000fc380000,0x00000000fc380000,0x0000000100000000)
 ParOldGen       total 524288K, used 180515K [0x00000000d0000000, 0x00000000f0000000, 0x00000000f0000000)
  object space 524288K, 34% used [0x00000000d0000000,0x00000000db048ca0,0x00000000f0000000)
 Metaspace       used 80183K, capacity 83414K, committed 83624K, reserved 1122304K
  class space    used 9689K, capacity 10566K, committed 10672K, reserved 1048576K
Event: 3110.763 GC heap after
Heap after GC invocations=57 (full 3):
 PSYoungGen      total 200704K, used 15636K [0x00000000f0000000, 0x0000000100000000, 0x0000000100000000)
  eden space 138752K, 0% used [0x00000000f0000000,0x00000000f0000000,0x00000000f8780000)
  from space 61952K, 25% used [0x00000000fc380000,0x00000000fd2c53e0,0x0000000100000000)
  to   space 61440K, 0% used [0x00000000f8780000,0x00000000f8780000,0x00000000fc380000)
 ParOldGen       total 524288K, used 182785K [0x00000000d0000000, 0x00000000f0000000, 0x00000000f0000000)
  object space 524288K, 34% used [0x00000000d0000000,0x00000000db280780,0x00000000f0000000)
 Metaspace       used 80183K, capacity 83414K, committed 83624K, reserved 1122304K
  class space    used 9689K, capacity 10566K, committed 10672K, reserved 1048576K
}
Event: 3111.221 GC heap before
{Heap before GC invocations=58 (full 3):
 PSYoungGen      total 200704K, used 154388K [0x00000000f0000000, 0x0000000100000000, 0x0000000100000000)
  eden space 138752K, 100% used [0x00000000f0000000,0x00000000f8780000,0x00000000f8780000)
  from space 61952K, 25% used [0x00000000fc380000,0x00000000fd2c53e0,0x0000000100000000)
  to   space 61440K, 0% used [0x00000000f8780000,0x00000000f8780000,0x00000000fc380000)
 ParOldGen       total 524288K, used 182785K [0x00000000d0000000, 0x00000000f0000000, 0x00000000f0000000)
  object space 524288K, 34% used [0x00000000d0000000,0x00000000db280780,0x00000000f0000000)
 Metaspace       used 80379K, capacity 83606K, committed 83880K, reserved 1122304K
  class space    used 9694K, capacity 10566K, committed 10672K, reserved 1048576K
Event: 3111.236 GC heap after
Heap after GC invocations=58 (full 3):
 PSYoungGen      total 200192K, used 16133K [0x00000000f0000000, 0x0000000100000000, 0x0000000100000000)
  eden space 138752K, 0% used [0x00000000f0000000,0x00000000f0000000,0x00000000f8780000)
  from space 61440K, 26% used [0x00000000f8780000,0x00000000f97415d0,0x00000000fc380000)
  to   space 59904K, 0% used [0x00000000fc580000,0x00000000fc580000,0x0000000100000000)
 ParOldGen       total 524288K, used 182817K [0x00000000d0000000, 0x00000000f0000000, 0x00000000f0000000)
  object space 524288K, 34% used [0x00000000d0000000,0x00000000db288780,0x00000000f0000000)
 Metaspace       used 80379K, capacity 83606K, committed 83880K, reserved 1122304K
  class space    used 9694K, capacity 10566K, committed 10672K, reserved 1048576K
}

