# JRE version: Java(TM) SE Runtime Environment (8.0_181-b13) (build 1.8.0_181-b13)
# Java VM: Java HotSpot(TM) 64-Bit Server VM (25.181-b13 mixed mode linux-amd64 compressed oops)
Heap:
 PSYoungGen      total 195584K, used 154293K [0x00000000f0000000, 0x0000000100000000, 0x0000000100000000)
  eden space 131072K, 91% used [0x00000000f0000000,0x00000000f74fded8,0x00000000f8000000)
  from space 64512K, 53% used [0x00000000f8000000,0x00000000fa1af670,0x00000000fbf00000)
  to   space 62464K, 0% used [0x00000000fc300000,0x00000000fc300000,0x0000000100000000)
 ParOldGen       total 524288K, used 147136K [0x00000000d0000000, 0x00000000f0000000, 0x00000000f0000000)
  object space 524288K, 28% used [0x00000000d0000000,0x00000000d8fb0248,0x00000000f0000000)
 Metaspace       used 83157K, capacity 87152K, committed 87336K, reserved 1124352K
  class space    used 10378K, capacity 11556K, committed 11568K, reserved 1048576K
GC Heap History (10 events):
Event: 1231.622 GC heap before
{Heap before GC invocations=46 (full 3):
 PSYoungGen      total 188928K, used 157397K [0x00000000f0000000, 0x0000000100000000, 0x0000000100000000)
  eden space 114176K, 100% used [0x00000000f0000000,0x00000000f6f80000,0x00000000f6f80000)
  from space 74752K, 57% used [0x00000000fb700000,0x00000000fe1354a8,0x0000000100000000)
  to   space 73216K, 0% used [0x00000000f6f80000,0x00000000f6f80000,0x00000000fb700000)
 ParOldGen       total 524288K, used 134036K [0x00000000d0000000, 0x00000000f0000000, 0x00000000f0000000)
  object space 524288K, 25% used [0x00000000d0000000,0x00000000d82e5308,0x00000000f0000000)
 Metaspace       used 82199K, capacity 85998K, committed 86184K, reserved 1124352K
  class space    used 10272K, capacity 11429K, committed 11440K, reserved 1048576K
Event: 1231.668 GC heap after
Heap after GC invocations=46 (full 3):
 PSYoungGen      total 187392K, used 44315K [0x00000000f0000000, 0x0000000100000000, 0x0000000100000000)
  eden space 114176K, 0% used [0x00000000f0000000,0x00000000f0000000,0x00000000f6f80000)
  from space 73216K, 60% used [0x00000000f6f80000,0x00000000f9ac6f60,0x00000000fb700000)
  to   space 71680K, 0% used [0x00000000fba00000,0x00000000fba00000,0x0000000100000000)
 ParOldGen       total 524288K, used 137756K [0x00000000d0000000, 0x00000000f0000000, 0x00000000f0000000)
  object space 524288K, 26% used [0x00000000d0000000,0x00000000d86873f8,0x00000000f0000000)
 Metaspace       used 82199K, capacity 85998K, committed 86184K, reserved 1124352K
  class space    used 10272K, capacity 11429K, committed 11440K, reserved 1048576K
}
Event: 1298.464 GC heap before
{Heap before GC invocations=47 (full 3):
 PSYoungGen      total 187392K, used 158491K [0x00000000f0000000, 0x0000000100000000, 0x0000000100000000)
  eden space 114176K, 100% used [0x00000000f0000000,0x00000000f6f80000,0x00000000f6f80000)
  from space 73216K, 60% used [0x00000000f6f80000,0x00000000f9ac6f60,0x00000000fb700000)
  to   space 71680K, 0% used [0x00000000fba00000,0x00000000fba00000,0x0000000100000000)
 ParOldGen       total 524288K, used 137756K [0x00000000d0000000, 0x00000000f0000000, 0x00000000f0000000)
  object space 524288K, 26% used [0x00000000d0000000,0x00000000d86873f8,0x00000000f0000000)
 Metaspace       used 82506K, capacity 86296K, committed 86440K, reserved 1124352K
  class space    used 10286K, capacity 11436K, committed 11440K, reserved 1048576K
Event: 1298.501 GC heap after
Heap after GC invocations=47 (full 3):
 PSYoungGen      total 193024K, used 36514K [0x00000000f0000000, 0x0000000100000000, 0x0000000100000000)
  eden space 121344K, 0% used [0x00000000f0000000,0x00000000f0000000,0x00000000f7680000)
  from space 71680K, 50% used [0x00000000fba00000,0x00000000fdda89b0,0x0000000100000000)
  to   space 69120K, 0% used [0x00000000f7680000,0x00000000f7680000,0x00000000fba00000)
 ParOldGen       total 524288K, used 141744K [0x00000000d0000000, 0x00000000f0000000, 0x00000000f0000000)
  object space 524288K, 27% used [0x00000000d0000000,0x00000000d8a6c398,0x00000000f0000000)
 Metaspace       used 82506K, capacity 86296K, committed 86440K, reserved 1124352K
  class space    used 10286K, capacity 11436K, committed 11440K, reserved 1048576K
}
Event: 2565.177 GC heap before
{Heap before GC invocations=48 (full 3):
 PSYoungGen      total 193024K, used 157858K [0x00000000f0000000, 0x0000000100000000, 0x0000000100000000)
  eden space 121344K, 100% used [0x00000000f0000000,0x00000000f7680000,0x00000000f7680000)
  from space 71680K, 50% used [0x00000000fba00000,0x00000000fdda89b0,0x0000000100000000)
  to   space 69120K, 0% used [0x00000000f7680000,0x00000000f7680000,0x00000000fba00000)
 ParOldGen       total 524288K, used 141744K [0x00000000d0000000, 0x00000000f0000000, 0x00000000f0000000)
  object space 524288K, 27% used [0x00000000d0000000,0x00000000d8a6c398,0x00000000f0000000)
 Metaspace       used 82570K, capacity 86362K, committed 86568K, reserved 1124352K
  class space    used 10300K, capacity 11453K, committed 11568K, reserved 1048576K
Event: 2565.207 GC heap after
Heap after GC invocations=48 (full 3):
 PSYoungGen      total 190464K, used 36637K [0x00000000f0000000, 0x0000000100000000, 0x0000000100000000)
  eden space 121344K, 0% used [0x00000000f0000000,0x00000000f0000000,0x00000000f7680000)
  from space 69120K, 53% used [0x00000000f7680000,0x00000000f9a47458,0x00000000fba00000)
  to   space 66560K, 0% used [0x00000000fbf00000,0x00000000fbf00000,0x0000000100000000)
 ParOldGen       total 524288K, used 143717K [0x00000000d0000000, 0x00000000f0000000, 0x00000000f0000000)
  object space 524288K, 27% used [0x00000000d0000000,0x00000000d8c59698,0x00000000f0000000)
 Metaspace       used 82570K, capacity 86362K, committed 86568K, reserved 1124352K
  class space    used 10300K, capacity 11453K, committed 11568K, reserved 1048576K
}
Event: 2742.678 GC heap before
{Heap before GC invocations=49 (full 3):
 PSYoungGen      total 190464K, used 157981K [0x00000000f0000000, 0x0000000100000000, 0x0000000100000000)
  eden space 121344K, 100% used [0x00000000f0000000,0x00000000f7680000,0x00000000f7680000)
  from space 69120K, 53% used [0x00000000f7680000,0x00000000f9a47458,0x00000000fba00000)
  to   space 66560K, 0% used [0x00000000fbf00000,0x00000000fbf00000,0x0000000100000000)
 ParOldGen       total 524288K, used 143717K [0x00000000d0000000, 0x00000000f0000000, 0x00000000f0000000)
  object space 524288K, 27% used [0x00000000d0000000,0x00000000d8c59698,0x00000000f0000000)
 Metaspace       used 82869K, capacity 86648K, committed 86824K, reserved 1124352K
  class space    used 10314K, capacity 11458K, committed 11568K, reserved 1048576K
Event: 2742.742 GC heap after
Heap after GC invocations=49 (full 3):
 PSYoungGen      total 197632K, used 34351K [0x00000000f0000000, 0x0000000100000000, 0x0000000100000000)
  eden space 131072K, 0% used [0x00000000f0000000,0x00000000f0000000,0x00000000f8000000)
  from space 66560K, 51% used [0x00000000fbf00000,0x00000000fe08bef8,0x0000000100000000)
  to   space 64512K, 0% used [0x00000000f8000000,0x00000000f8000000,0x00000000fbf00000)
 ParOldGen       total 524288K, used 145373K [0x00000000d0000000, 0x00000000f0000000, 0x00000000f0000000)
  object space 524288K, 27% used [0x00000000d0000000,0x00000000d8df7778,0x00000000f0000000)
 Metaspace       used 82869K, capacity 86648K, committed 86824K, reserved 1124352K
  class space    used 10314K, capacity 11458K, committed 11568K, reserved 1048576K
}
Event: 2954.295 GC heap before
{Heap before GC invocations=50 (full 3):
 PSYoungGen      total 197632K, used 165423K [0x00000000f0000000, 0x0000000100000000, 0x0000000100000000)
  eden space 131072K, 100% used [0x00000000f0000000,0x00000000f8000000,0x00000000f8000000)
  from space 66560K, 51% used [0x00000000fbf00000,0x00000000fe08bef8,0x0000000100000000)
  to   space 64512K, 0% used [0x00000000f8000000,0x00000000f8000000,0x00000000fbf00000)
 ParOldGen       total 524288K, used 145373K [0x00000000d0000000, 0x00000000f0000000, 0x00000000f0000000)
  object space 524288K, 27% used [0x00000000d0000000,0x00000000d8df7778,0x00000000f0000000)
 Metaspace       used 83108K, capacity 86946K, committed 87080K, reserved 1124352K
  class space    used 10365K, capacity 11510K, committed 11568K, reserved 1048576K
Event: 2954.323 GC heap after
Heap after GC invocations=50 (full 3):
 PSYoungGen      total 195584K, used 34493K [0x00000000f0000000, 0x0000000100000000, 0x0000000100000000)
  eden space 131072K, 0% used [0x00000000f0000000,0x00000000f0000000,0x00000000f8000000)
  from space 64512K, 53% used [0x00000000f8000000,0x00000000fa1af670,0x00000000fbf00000)
  to   space 62464K, 0% used [0x00000000fc300000,0x00000000fc300000,0x0000000100000000)
 ParOldGen       total 524288K, used 147136K [0x00000000d0000000, 0x00000000f0000000, 0x00000000f0000000)
  object space 524288K, 28% used [0x00000000d0000000,0x00000000d8fb0248,0x00000000f0000000)
 Metaspace       used 83108K, capacity 86946K, committed 87080K, reserved 1124352K
  class space    used 10365K, capacity 11510K, committed 11568K, reserved 1048576K
}

