# JRE version: Java(TM) SE Runtime Environment (8.0_181-b13) (build 1.8.0_181-b13)
# Java VM: Java HotSpot(TM) 64-Bit Server VM (25.181-b13 mixed mode linux-amd64 compressed oops)
Heap:
 PSYoungGen      total 216064K, used 41028K [0x00000000f0000000, 0x0000000100000000, 0x0000000100000000)
  eden space 170496K, 5% used [0x00000000f0000000,0x00000000f090d4f8,0x00000000fa680000)
  from space 45568K, 69% used [0x00000000fa680000,0x00000000fc583b30,0x00000000fd300000)
  to   space 45056K, 0% used [0x00000000fd400000,0x00000000fd400000,0x0000000100000000)
 ParOldGen       total 524288K, used 159790K [0x00000000d0000000, 0x00000000f0000000, 0x00000000f0000000)
  object space 524288K, 30% used [0x00000000d0000000,0x00000000d9c0b8d8,0x00000000f0000000)
 Metaspace       used 85595K, capacity 91170K, committed 91432K, reserved 1128448K
  class space    used 10844K, capacity 12473K, committed 12584K, reserved 1048576K
GC Heap History (10 events):
Event: 8921.941 GC heap before
{Heap before GC invocations=58 (full 3):
 PSYoungGen      total 211968K, used 186322K [0x00000000f0000000, 0x0000000100000000, 0x0000000100000000)
  eden space 160256K, 100% used [0x00000000f0000000,0x00000000f9c80000,0x00000000f9c80000)
  from space 51712K, 50% used [0x00000000fcd80000,0x00000000fe6f4888,0x0000000100000000)
  to   space 50176K, 0% used [0x00000000f9c80000,0x00000000f9c80000,0x00000000fcd80000)
 ParOldGen       total 524288K, used 154019K [0x00000000d0000000, 0x00000000f0000000, 0x00000000f0000000)
  object space 524288K, 29% used [0x00000000d0000000,0x00000000d9668ce0,0x00000000f0000000)
 Metaspace       used 84412K, capacity 89726K, committed 90024K, reserved 1126400K
  class space    used 10721K, capacity 12337K, committed 12456K, reserved 1048576K
Event: 8921.964 GC heap after
Heap after GC invocations=58 (full 3):
 PSYoungGen      total 210432K, used 26280K [0x00000000f0000000, 0x0000000100000000, 0x0000000100000000)
  eden space 160256K, 0% used [0x00000000f0000000,0x00000000f0000000,0x00000000f9c80000)
  from space 50176K, 52% used [0x00000000f9c80000,0x00000000fb62a258,0x00000000fcd80000)
  to   space 49152K, 0% used [0x00000000fd000000,0x00000000fd000000,0x0000000100000000)
 ParOldGen       total 524288K, used 155283K [0x00000000d0000000, 0x00000000f0000000, 0x00000000f0000000)
  object space 524288K, 29% used [0x00000000d0000000,0x00000000d97a4ec8,0x00000000f0000000)
 Metaspace       used 84412K, capacity 89726K, committed 90024K, reserved 1126400K
  class space    used 10721K, capacity 12337K, committed 12456K, reserved 1048576K
}
Event: 8969.272 GC heap before
{Heap before GC invocations=59 (full 3):
 PSYoungGen      total 210432K, used 186536K [0x00000000f0000000, 0x0000000100000000, 0x0000000100000000)
  eden space 160256K, 100% used [0x00000000f0000000,0x00000000f9c80000,0x00000000f9c80000)
  from space 50176K, 52% used [0x00000000f9c80000,0x00000000fb62a258,0x00000000fcd80000)
  to   space 49152K, 0% used [0x00000000fd000000,0x00000000fd000000,0x0000000100000000)
 ParOldGen       total 524288K, used 155283K [0x00000000d0000000, 0x00000000f0000000, 0x00000000f0000000)
  object space 524288K, 29% used [0x00000000d0000000,0x00000000d97a4ec8,0x00000000f0000000)
 Metaspace       used 84653K, capacity 89992K, committed 90280K, reserved 1126400K
  class space    used 10742K, capacity 12361K, committed 12456K, reserved 1048576K
Event: 8969.308 GC heap after
Heap after GC invocations=59 (full 3):
 PSYoungGen      total 214528K, used 26777K [0x00000000f0000000, 0x0000000100000000, 0x0000000100000000)
  eden space 165376K, 0% used [0x00000000f0000000,0x00000000f0000000,0x00000000fa180000)
  from space 49152K, 54% used [0x00000000fd000000,0x00000000fea26600,0x0000000100000000)
  to   space 47616K, 0% used [0x00000000fa180000,0x00000000fa180000,0x00000000fd000000)
 ParOldGen       total 524288K, used 156703K [0x00000000d0000000, 0x00000000f0000000, 0x00000000f0000000)
  object space 524288K, 29% used [0x00000000d0000000,0x00000000d9907e80,0x00000000f0000000)
 Metaspace       used 84653K, capacity 89992K, committed 90280K, reserved 1126400K
  class space    used 10742K, capacity 12361K, committed 12456K, reserved 1048576K
}
Event: 9002.321 GC heap before
{Heap before GC invocations=60 (full 3):
 PSYoungGen      total 214528K, used 192153K [0x00000000f0000000, 0x0000000100000000, 0x0000000100000000)
  eden space 165376K, 100% used [0x00000000f0000000,0x00000000fa180000,0x00000000fa180000)
  from space 49152K, 54% used [0x00000000fd000000,0x00000000fea26600,0x0000000100000000)
  to   space 47616K, 0% used [0x00000000fa180000,0x00000000fa180000,0x00000000fd000000)
 ParOldGen       total 524288K, used 156703K [0x00000000d0000000, 0x00000000f0000000, 0x00000000f0000000)
  object space 524288K, 29% used [0x00000000d0000000,0x00000000d9907e80,0x00000000f0000000)
 Metaspace       used 84750K, capacity 90284K, committed 90536K, reserved 1128448K
  class space    used 10763K, capacity 12399K, committed 12456K, reserved 1048576K
Event: 9002.340 GC heap after
Heap after GC invocations=60 (full 3):
 PSYoungGen      total 212992K, used 25013K [0x00000000f0000000, 0x0000000100000000, 0x0000000100000000)
  eden space 165376K, 0% used [0x00000000f0000000,0x00000000f0000000,0x00000000fa180000)
  from space 47616K, 52% used [0x00000000fa180000,0x00000000fb9ed658,0x00000000fd000000)
  to   space 46080K, 0% used [0x00000000fd300000,0x00000000fd300000,0x0000000100000000)
 ParOldGen       total 524288K, used 157715K [0x00000000d0000000, 0x00000000f0000000, 0x00000000f0000000)
  object space 524288K, 30% used [0x00000000d0000000,0x00000000d9a04e40,0x00000000f0000000)
 Metaspace       used 84750K, capacity 90284K, committed 90536K, reserved 1128448K
  class space    used 10763K, capacity 12399K, committed 12456K, reserved 1048576K
}
Event: 9303.856 GC heap before
{Heap before GC invocations=61 (full 3):
 PSYoungGen      total 212992K, used 190389K [0x00000000f0000000, 0x0000000100000000, 0x0000000100000000)
  eden space 165376K, 100% used [0x00000000f0000000,0x00000000fa180000,0x00000000fa180000)
  from space 47616K, 52% used [0x00000000fa180000,0x00000000fb9ed658,0x00000000fd000000)
  to   space 46080K, 0% used [0x00000000fd300000,0x00000000fd300000,0x0000000100000000)
 ParOldGen       total 524288K, used 157715K [0x00000000d0000000, 0x00000000f0000000, 0x00000000f0000000)
  object space 524288K, 30% used [0x00000000d0000000,0x00000000d9a04e40,0x00000000f0000000)
 Metaspace       used 85200K, capacity 90802K, committed 91048K, reserved 1128448K
  class space    used 10806K, capacity 12448K, committed 12456K, reserved 1048576K
Event: 9303.890 GC heap after
Heap after GC invocations=61 (full 3):
 PSYoungGen      total 216576K, used 31636K [0x00000000f0000000, 0x0000000100000000, 0x0000000100000000)
  eden space 170496K, 0% used [0x00000000f0000000,0x00000000f0000000,0x00000000fa680000)
  from space 46080K, 68% used [0x00000000fd300000,0x00000000ff1e51e0,0x0000000100000000)
  to   space 45568K, 0% used [0x00000000fa680000,0x00000000fa680000,0x00000000fd300000)
 ParOldGen       total 524288K, used 158834K [0x00000000d0000000, 0x00000000f0000000, 0x00000000f0000000)
  object space 524288K, 30% used [0x00000000d0000000,0x00000000d9b1c900,0x00000000f0000000)
 Metaspace       used 85200K, capacity 90802K, committed 91048K, reserved 1128448K
  class space    used 10806K, capacity 12448K, committed 12456K, reserved 1048576K
}
Event: 9305.992 GC heap before
{Heap before GC invocations=62 (full 3):
 PSYoungGen      total 216576K, used 202132K [0x00000000f0000000, 0x0000000100000000, 0x0000000100000000)
  eden space 170496K, 100% used [0x00000000f0000000,0x00000000fa680000,0x00000000fa680000)
  from space 46080K, 68% used [0x00000000fd300000,0x00000000ff1e51e0,0x0000000100000000)
  to   space 45568K, 0% used [0x00000000fa680000,0x00000000fa680000,0x00000000fd300000)
 ParOldGen       total 524288K, used 158834K [0x00000000d0000000, 0x00000000f0000000, 0x00000000f0000000)
  object space 524288K, 30% used [0x00000000d0000000,0x00000000d9b1c900,0x00000000f0000000)
 Metaspace       used 85585K, capacity 91152K, committed 91432K, reserved 1128448K
  class space    used 10841K, capacity 12469K, committed 12584K, reserved 1048576K
Event: 9306.028 GC heap after
Heap after GC invocations=62 (full 3):
 PSYoungGen      total 216064K, used 31758K [0x00000000f0000000, 0x0000000100000000, 0x0000000100000000)
  eden space 170496K, 0% used [0x00000000f0000000,0x00000000f0000000,0x00000000fa680000)
  from space 45568K, 69% used [0x00000000fa680000,0x00000000fc583b30,0x00000000fd300000)
  to   space 45056K, 0% used [0x00000000fd400000,0x00000000fd400000,0x0000000100000000)
 ParOldGen       total 524288K, used 159790K [0x00000000d0000000, 0x00000000f0000000, 0x00000000f0000000)
  object space 524288K, 30% used [0x00000000d0000000,0x00000000d9c0b8d8,0x00000000f0000000)
 Metaspace       used 85585K, capacity 91152K, committed 91432K, reserved 1128448K
  class space    used 10841K, capacity 12469K, committed 12584K, reserved 1048576K
}

