# JRE version: Java(TM) SE Runtime Environment (8.0_181-b13) (build 1.8.0_181-b13)
# Java VM: Java HotSpot(TM) 64-Bit Server VM (25.181-b13 mixed mode linux-amd64 compressed oops)
Heap:
 PSYoungGen      total 193024K, used 141840K [0x00000000f0000000, 0x0000000100000000, 0x0000000100000000)
  eden space 125440K, 83% used [0x00000000f0000000,0x00000000f66bb810,0x00000000f7a80000)
  from space 67584K, 54% used [0x00000000f7a80000,0x00000000f9e489f0,0x00000000fbc80000)
  to   space 65024K, 0% used [0x00000000fc080000,0x00000000fc080000,0x0000000100000000)
 ParOldGen       total 524288K, used 127917K [0x00000000d0000000, 0x00000000f0000000, 0x00000000f0000000)
  object space 524288K, 24% used [0x00000000d0000000,0x00000000d7ceb520,0x00000000f0000000)
 Metaspace       used 81741K, capacity 85900K, committed 86016K, reserved 1124352K
  class space    used 10307K, capacity 11481K, committed 11520K, reserved 1048576K
GC Heap History (10 events):
Event: 1349.097 GC heap before
{Heap before GC invocations=44 (full 3):
 PSYoungGen      total 192512K, used 185296K [0x00000000f0000000, 0x0000000100000000, 0x0000000100000000)
  eden space 134144K, 100% used [0x00000000f0000000,0x00000000f8300000,0x00000000f8300000)
  from space 58368K, 87% used [0x00000000fc700000,0x00000000ff8f4098,0x0000000100000000)
  to   space 64000K, 0% used [0x00000000f8300000,0x00000000f8300000,0x00000000fc180000)
 ParOldGen       total 524288K, used 112761K [0x00000000d0000000, 0x00000000f0000000, 0x00000000f0000000)
  object space 524288K, 21% used [0x00000000d0000000,0x00000000d6e1e6a0,0x00000000f0000000)
 Metaspace       used 80856K, capacity 84526K, committed 84864K, reserved 1122304K
  class space    used 10179K, capacity 11290K, committed 11392K, reserved 1048576K
Event: 1349.148 GC heap after
Heap after GC invocations=44 (full 3):
 PSYoungGen      total 183296K, used 48921K [0x00000000f0000000, 0x0000000100000000, 0x0000000100000000)
  eden space 134144K, 0% used [0x00000000f0000000,0x00000000f0000000,0x00000000f8300000)
  from space 49152K, 99% used [0x00000000f8300000,0x00000000fb2c66e8,0x00000000fb300000)
  to   space 67584K, 0% used [0x00000000fbe00000,0x00000000fbe00000,0x0000000100000000)
 ParOldGen       total 524288K, used 114833K [0x00000000d0000000, 0x00000000f0000000, 0x00000000f0000000)
  object space 524288K, 21% used [0x00000000d0000000,0x00000000d7024550,0x00000000f0000000)
 Metaspace       used 80856K, capacity 84526K, committed 84864K, reserved 1122304K
  class space    used 10179K, capacity 11290K, committed 11392K, reserved 1048576K
}
Event: 1357.572 GC heap before
{Heap before GC invocations=45 (full 3):
 PSYoungGen      total 183296K, used 183065K [0x00000000f0000000, 0x0000000100000000, 0x0000000100000000)
  eden space 134144K, 100% used [0x00000000f0000000,0x00000000f8300000,0x00000000f8300000)
  from space 49152K, 99% used [0x00000000f8300000,0x00000000fb2c66e8,0x00000000fb300000)
  to   space 67584K, 0% used [0x00000000fbe00000,0x00000000fbe00000,0x0000000100000000)
 ParOldGen       total 524288K, used 114833K [0x00000000d0000000, 0x00000000f0000000, 0x00000000f0000000)
  object space 524288K, 21% used [0x00000000d0000000,0x00000000d7024550,0x00000000f0000000)
 Metaspace       used 81023K, capacity 84838K, committed 85120K, reserved 1122304K
  class space    used 10208K, capacity 11342K, committed 11392K, reserved 1048576K
Event: 1357.612 GC heap after
Heap after GC invocations=45 (full 3):
 PSYoungGen      total 191488K, used 45368K [0x00000000f0000000, 0x0000000100000000, 0x0000000100000000)
  eden space 123904K, 0% used [0x00000000f0000000,0x00000000f0000000,0x00000000f7900000)
  from space 67584K, 67% used [0x00000000fbe00000,0x00000000fea4e108,0x0000000100000000)
  to   space 69120K, 0% used [0x00000000f7900000,0x00000000f7900000,0x00000000fbc80000)
 ParOldGen       total 524288K, used 119205K [0x00000000d0000000, 0x00000000f0000000, 0x00000000f0000000)
  object space 524288K, 22% used [0x00000000d0000000,0x00000000d7469590,0x00000000f0000000)
 Metaspace       used 81023K, capacity 84838K, committed 85120K, reserved 1122304K
  class space    used 10208K, capacity 11342K, committed 11392K, reserved 1048576K
}
Event: 1375.674 GC heap before
{Heap before GC invocations=46 (full 3):
 PSYoungGen      total 191488K, used 169272K [0x00000000f0000000, 0x0000000100000000, 0x0000000100000000)
  eden space 123904K, 100% used [0x00000000f0000000,0x00000000f7900000,0x00000000f7900000)
  from space 67584K, 67% used [0x00000000fbe00000,0x00000000fea4e108,0x0000000100000000)
  to   space 69120K, 0% used [0x00000000f7900000,0x00000000f7900000,0x00000000fbc80000)
 ParOldGen       total 524288K, used 119205K [0x00000000d0000000, 0x00000000f0000000, 0x00000000f0000000)
  object space 524288K, 22% used [0x00000000d0000000,0x00000000d7469590,0x00000000f0000000)
 Metaspace       used 81207K, capacity 85196K, committed 85504K, reserved 1124352K
  class space    used 10237K, capacity 11417K, committed 11520K, reserved 1048576K
Event: 1375.717 GC heap after
Heap after GC invocations=46 (full 3):
 PSYoungGen      total 193024K, used 42592K [0x00000000f0000000, 0x0000000100000000, 0x0000000100000000)
  eden space 123904K, 0% used [0x00000000f0000000,0x00000000f0000000,0x00000000f7900000)
  from space 69120K, 61% used [0x00000000f7900000,0x00000000fa2983c0,0x00000000fbc80000)
  to   space 69120K, 0% used [0x00000000fbc80000,0x00000000fbc80000,0x0000000100000000)
 ParOldGen       total 524288K, used 122632K [0x00000000d0000000, 0x00000000f0000000, 0x00000000f0000000)
  object space 524288K, 23% used [0x00000000d0000000,0x00000000d77c23c0,0x00000000f0000000)
 Metaspace       used 81207K, capacity 85196K, committed 85504K, reserved 1124352K
  class space    used 10237K, capacity 11417K, committed 11520K, reserved 1048576K
}
Event: 1457.467 GC heap before
{Heap before GC invocations=47 (full 3):
 PSYoungGen      total 193024K, used 166496K [0x00000000f0000000, 0x0000000100000000, 0x0000000100000000)
  eden space 123904K, 100% used [0x00000000f0000000,0x00000000f7900000,0x00000000f7900000)
  from space 69120K, 61% used [0x00000000f7900000,0x00000000fa2983c0,0x00000000fbc80000)
  to   space 69120K, 0% used [0x00000000fbc80000,0x00000000fbc80000,0x0000000100000000)
 ParOldGen       total 524288K, used 122632K [0x00000000d0000000, 0x00000000f0000000, 0x00000000f0000000)
  object space 524288K, 23% used [0x00000000d0000000,0x00000000d77c23c0,0x00000000f0000000)
 Metaspace       used 81225K, capacity 85220K, committed 85504K, reserved 1124352K
  class space    used 10239K, capacity 11421K, committed 11520K, reserved 1048576K
Event: 1457.499 GC heap after
Heap after GC invocations=47 (full 3):
 PSYoungGen      total 194560K, used 39866K [0x00000000f0000000, 0x0000000100000000, 0x0000000100000000)
  eden space 125440K, 0% used [0x00000000f0000000,0x00000000f0000000,0x00000000f7a80000)
  from space 69120K, 57% used [0x00000000fbc80000,0x00000000fe36e858,0x0000000100000000)
  to   space 67584K, 0% used [0x00000000f7a80000,0x00000000f7a80000,0x00000000fbc80000)
 ParOldGen       total 524288K, used 124920K [0x00000000d0000000, 0x00000000f0000000, 0x00000000f0000000)
  object space 524288K, 23% used [0x00000000d0000000,0x00000000d79fe3e0,0x00000000f0000000)
 Metaspace       used 81225K, capacity 85220K, committed 85504K, reserved 1124352K
  class space    used 10239K, capacity 11421K, committed 11520K, reserved 1048576K
}
Event: 2664.437 GC heap before
{Heap before GC invocations=48 (full 3):
 PSYoungGen      total 194560K, used 165306K [0x00000000f0000000, 0x0000000100000000, 0x0000000100000000)
  eden space 125440K, 100% used [0x00000000f0000000,0x00000000f7a80000,0x00000000f7a80000)
  from space 69120K, 57% used [0x00000000fbc80000,0x00000000fe36e858,0x0000000100000000)
  to   space 67584K, 0% used [0x00000000f7a80000,0x00000000f7a80000,0x00000000fbc80000)
 ParOldGen       total 524288K, used 124920K [0x00000000d0000000, 0x00000000f0000000, 0x00000000f0000000)
  object space 524288K, 23% used [0x00000000d0000000,0x00000000d79fe3e0,0x00000000f0000000)
 Metaspace       used 81298K, capacity 85274K, committed 85504K, reserved 1124352K
  class space    used 10248K, capacity 11430K, committed 11520K, reserved 1048576K
Event: 2664.468 GC heap after
Heap after GC invocations=48 (full 3):
 PSYoungGen      total 193024K, used 36642K [0x00000000f0000000, 0x0000000100000000, 0x0000000100000000)
  eden space 125440K, 0% used [0x00000000f0000000,0x00000000f0000000,0x00000000f7a80000)
  from space 67584K, 54% used [0x00000000f7a80000,0x00000000f9e489f0,0x00000000fbc80000)
  to   space 65024K, 0% used [0x00000000fc080000,0x00000000fc080000,0x0000000100000000)
 ParOldGen       total 524288K, used 127917K [0x00000000d0000000, 0x00000000f0000000, 0x00000000f0000000)
  object space 524288K, 24% used [0x00000000d0000000,0x00000000d7ceb520,0x00000000f0000000)
 Metaspace       used 81298K, capacity 85274K, committed 85504K, reserved 1124352K
  class space    used 10248K, capacity 11430K, committed 11520K, reserved 1048576K
}

